{"/Users/mutarushwa/Documents/Projects/Solvit/VillageFund/src/database/models/avec.ts": {"path":"/Users/mutarushwa/Documents/Projects/Solvit/VillageFund/src/database/models/avec.ts","statementMap":{"0":{"start":{"line":1,"column":0},"end":{"line":1,"column":66}},"1":{"start":{"line":4,"column":0},"end":{"line":4,"column":null}},"2":{"start":{"line":5,"column":2},"end":{"line":5,"column":null}},"3":{"start":{"line":6,"column":2},"end":{"line":6,"column":null}},"4":{"start":{"line":7,"column":2},"end":{"line":7,"column":null}},"5":{"start":{"line":34,"column":4},"end":{"line":37,"column":7}},"6":{"start":{"line":39,"column":4},"end":{"line":42,"column":7}},"7":{"start":{"line":44,"column":4},"end":{"line":47,"column":7}},"8":{"start":{"line":21,"column":0},"end":{"line":21,"column":13}},"9":{"start":{"line":51,"column":25},"end":{"line":88,"column":1}},"10":{"start":{"line":52,"column":2},"end":{"line":85,"column":4}},"11":{"start":{"line":87,"column":2},"end":{"line":87,"column":14}},"12":{"start":{"line":51,"column":13},"end":{"line":51,"column":25}}},"fnMap":{"0":{"name":"(anonymous_0)","decl":{"start":{"line":4,"column":0},"end":{"line":4,"column":12}},"loc":{"start":{"line":4,"column":22},"end":{"line":8,"column":1}}},"1":{"name":"(anonymous_1)","decl":{"start":{"line":33,"column":2},"end":{"line":33,"column":8}},"loc":{"start":{"line":33,"column":33},"end":{"line":48,"column":3}}},"2":{"name":"(anonymous_2)","decl":{"start":{"line":51,"column":25},"end":{"line":51,"column":26}},"loc":{"start":{"line":51,"column":50},"end":{"line":88,"column":1}}}},"branchMap":{"0":{"loc":{"start":{"line":4,"column":12},"end":{"line":4,"column":null}},"type":"binary-expr","locations":[{"start":{"line":4,"column":12},"end":{"line":4,"column":22}},{"start":{"line":4,"column":22},"end":{"line":4,"column":null}}]}},"s":{"0":1,"1":1,"2":1,"3":1,"4":1,"5":0,"6":0,"7":0,"8":1,"9":1,"10":0,"11":0,"12":1},"f":{"0":1,"1":0,"2":0},"b":{"0":[1,1]}}
,"/Users/mutarushwa/Documents/Projects/Solvit/VillageFund/src/database/models/avecMember.ts": {"path":"/Users/mutarushwa/Documents/Projects/Solvit/VillageFund/src/database/models/avecMember.ts","statementMap":{"0":{"start":{"line":1,"column":0},"end":{"line":1,"column":66}},"1":{"start":{"line":4,"column":0},"end":{"line":4,"column":null}},"2":{"start":{"line":5,"column":2},"end":{"line":5,"column":null}},"3":{"start":{"line":6,"column":2},"end":{"line":6,"column":null}},"4":{"start":{"line":7,"column":2},"end":{"line":7,"column":null}},"5":{"start":{"line":37,"column":4},"end":{"line":40,"column":7}},"6":{"start":{"line":42,"column":4},"end":{"line":45,"column":7}},"7":{"start":{"line":24,"column":0},"end":{"line":24,"column":13}},"8":{"start":{"line":49,"column":31},"end":{"line":89,"column":1}},"9":{"start":{"line":50,"column":2},"end":{"line":86,"column":4}},"10":{"start":{"line":88,"column":2},"end":{"line":88,"column":20}},"11":{"start":{"line":49,"column":13},"end":{"line":49,"column":31}}},"fnMap":{"0":{"name":"(anonymous_0)","decl":{"start":{"line":4,"column":0},"end":{"line":4,"column":12}},"loc":{"start":{"line":4,"column":26},"end":{"line":8,"column":1}}},"1":{"name":"(anonymous_1)","decl":{"start":{"line":36,"column":2},"end":{"line":36,"column":8}},"loc":{"start":{"line":36,"column":33},"end":{"line":46,"column":3}}},"2":{"name":"(anonymous_2)","decl":{"start":{"line":49,"column":31},"end":{"line":49,"column":32}},"loc":{"start":{"line":49,"column":56},"end":{"line":89,"column":1}}}},"branchMap":{"0":{"loc":{"start":{"line":4,"column":12},"end":{"line":4,"column":null}},"type":"binary-expr","locations":[{"start":{"line":4,"column":12},"end":{"line":4,"column":26}},{"start":{"line":4,"column":26},"end":{"line":4,"column":null}}]}},"s":{"0":1,"1":1,"2":1,"3":1,"4":1,"5":0,"6":0,"7":1,"8":1,"9":0,"10":0,"11":1},"f":{"0":1,"1":0,"2":0},"b":{"0":[1,1]}}
,"/Users/mutarushwa/Documents/Projects/Solvit/VillageFund/src/database/models/cycle.ts": {"path":"/Users/mutarushwa/Documents/Projects/Solvit/VillageFund/src/database/models/cycle.ts","statementMap":{"0":{"start":{"line":1,"column":0},"end":{"line":1,"column":66}},"1":{"start":{"line":43,"column":4},"end":{"line":46,"column":7}},"2":{"start":{"line":24,"column":0},"end":{"line":24,"column":13}},"3":{"start":{"line":50,"column":26},"end":{"line":112,"column":1}},"4":{"start":{"line":51,"column":2},"end":{"line":109,"column":4}},"5":{"start":{"line":111,"column":2},"end":{"line":111,"column":15}},"6":{"start":{"line":50,"column":13},"end":{"line":50,"column":26}}},"fnMap":{"0":{"name":"(anonymous_0)","decl":{"start":{"line":42,"column":2},"end":{"line":42,"column":8}},"loc":{"start":{"line":42,"column":33},"end":{"line":47,"column":3}}},"1":{"name":"(anonymous_1)","decl":{"start":{"line":50,"column":26},"end":{"line":50,"column":27}},"loc":{"start":{"line":50,"column":51},"end":{"line":112,"column":1}}}},"branchMap":{},"s":{"0":1,"1":0,"2":1,"3":1,"4":0,"5":0,"6":1},"f":{"0":0,"1":0},"b":{}}
,"/Users/mutarushwa/Documents/Projects/Solvit/VillageFund/src/database/models/index.ts": {"path":"/Users/mutarushwa/Documents/Projects/Solvit/VillageFund/src/database/models/index.ts","statementMap":{"0":{"start":{"line":2,"column":0},"end":{"line":2,"column":42}},"1":{"start":{"line":3,"column":0},"end":{"line":3,"column":41}},"2":{"start":{"line":4,"column":0},"end":{"line":4,"column":59}},"3":{"start":{"line":5,"column":0},"end":{"line":5,"column":44}},"4":{"start":{"line":16,"column":0},"end":{"line":16,"column":23}},"5":{"start":{"line":17,"column":0},"end":{"line":17,"column":23}},"6":{"start":{"line":18,"column":0},"end":{"line":18,"column":29}},"7":{"start":{"line":19,"column":0},"end":{"line":19,"column":24}},"8":{"start":{"line":21,"column":26},"end":{"line":48,"column":1}},"9":{"start":{"line":23,"column":21},"end":{"line":23,"column":41}},"10":{"start":{"line":24,"column":28},"end":{"line":24,"column":48}},"11":{"start":{"line":25,"column":34},"end":{"line":25,"column":60}},"12":{"start":{"line":26,"column":29},"end":{"line":26,"column":50}},"13":{"start":{"line":28,"column":25},"end":{"line":33,"column":4}},"14":{"start":{"line":36,"column":2},"end":{"line":45,"column":5}},"15":{"start":{"line":37,"column":4},"end":{"line":44,"column":5}},"16":{"start":{"line":42,"column":6},"end":{"line":42,"column":30}},"17":{"start":{"line":43,"column":6},"end":{"line":43,"column":30}},"18":{"start":{"line":47,"column":2},"end":{"line":47,"column":16}},"19":{"start":{"line":21,"column":13},"end":{"line":21,"column":26}}},"fnMap":{"0":{"name":"(anonymous_4)","decl":{"start":{"line":21,"column":26},"end":{"line":21,"column":27}},"loc":{"start":{"line":21,"column":59},"end":{"line":48,"column":1}}},"1":{"name":"(anonymous_5)","decl":{"start":{"line":36,"column":32},"end":{"line":36,"column":33}},"loc":{"start":{"line":36,"column":47},"end":{"line":45,"column":3}}}},"branchMap":{"0":{"loc":{"start":{"line":37,"column":4},"end":{"line":44,"column":5}},"type":"if","locations":[{"start":{"line":37,"column":4},"end":{"line":44,"column":5}},{"start":{},"end":{}}]},"1":{"loc":{"start":{"line":38,"column":6},"end":{"line":40,"column":23}},"type":"binary-expr","locations":[{"start":{"line":38,"column":6},"end":{"line":38,"column":26}},{"start":{"line":39,"column":6},"end":{"line":39,"column":43}},{"start":{"line":40,"column":6},"end":{"line":40,"column":23}}]}},"s":{"0":1,"1":1,"2":1,"3":1,"4":1,"5":1,"6":1,"7":1,"8":1,"9":0,"10":0,"11":0,"12":0,"13":0,"14":0,"15":0,"16":0,"17":0,"18":0,"19":1},"f":{"0":0,"1":0},"b":{"0":[0,0],"1":[0,0,0]}}
,"/Users/mutarushwa/Documents/Projects/Solvit/VillageFund/src/database/models/user.ts": {"path":"/Users/mutarushwa/Documents/Projects/Solvit/VillageFund/src/database/models/user.ts","statementMap":{"0":{"start":{"line":1,"column":0},"end":{"line":1,"column":66}},"1":{"start":{"line":4,"column":0},"end":{"line":4,"column":null}},"2":{"start":{"line":5,"column":2},"end":{"line":5,"column":null}},"3":{"start":{"line":6,"column":2},"end":{"line":6,"column":null}},"4":{"start":{"line":40,"column":4},"end":{"line":43,"column":7}},"5":{"start":{"line":45,"column":4},"end":{"line":48,"column":7}},"6":{"start":{"line":25,"column":0},"end":{"line":25,"column":13}},"7":{"start":{"line":52,"column":25},"end":{"line":94,"column":1}},"8":{"start":{"line":53,"column":2},"end":{"line":91,"column":4}},"9":{"start":{"line":93,"column":2},"end":{"line":93,"column":15}},"10":{"start":{"line":52,"column":13},"end":{"line":52,"column":25}}},"fnMap":{"0":{"name":"(anonymous_0)","decl":{"start":{"line":4,"column":0},"end":{"line":4,"column":12}},"loc":{"start":{"line":4,"column":17},"end":{"line":7,"column":1}}},"1":{"name":"(anonymous_1)","decl":{"start":{"line":39,"column":2},"end":{"line":39,"column":8}},"loc":{"start":{"line":39,"column":33},"end":{"line":49,"column":3}}},"2":{"name":"(anonymous_2)","decl":{"start":{"line":52,"column":25},"end":{"line":52,"column":26}},"loc":{"start":{"line":52,"column":50},"end":{"line":94,"column":1}}}},"branchMap":{"0":{"loc":{"start":{"line":4,"column":12},"end":{"line":4,"column":null}},"type":"binary-expr","locations":[{"start":{"line":4,"column":12},"end":{"line":4,"column":17}},{"start":{"line":4,"column":17},"end":{"line":4,"column":null}}]}},"s":{"0":1,"1":1,"2":1,"3":1,"4":0,"5":0,"6":1,"7":1,"8":0,"9":0,"10":1},"f":{"0":1,"1":0,"2":0},"b":{"0":[1,1]}}
,"/Users/mutarushwa/Documents/Projects/Solvit/VillageFund/src/validators/auth.validator.ts": {"path":"/Users/mutarushwa/Documents/Projects/Solvit/VillageFund/src/validators/auth.validator.ts","statementMap":{"0":{"start":{"line":1,"column":0},"end":{"line":1,"column":24}},"1":{"start":{"line":3,"column":13},"end":{"line":6,"column":3}}},"fnMap":{},"branchMap":{},"s":{"0":2,"1":2},"f":{},"b":{}}
,"/Users/mutarushwa/Documents/Projects/Solvit/VillageFund/src/validators/cycle.validator.ts": {"path":"/Users/mutarushwa/Documents/Projects/Solvit/VillageFund/src/validators/cycle.validator.ts","statementMap":{"0":{"start":{"line":1,"column":0},"end":{"line":1,"column":24}},"1":{"start":{"line":3,"column":13},"end":{"line":59,"column":4}},"2":{"start":{"line":44,"column":14},"end":{"line":44,"column":63}},"3":{"start":{"line":52,"column":6},"end":{"line":54,"column":38}}},"fnMap":{"0":{"name":"(anonymous_0)","decl":{"start":{"line":44,"column":4},"end":{"line":44,"column":5}},"loc":{"start":{"line":44,"column":14},"end":{"line":44,"column":63}}},"1":{"name":"(anonymous_1)","decl":{"start":{"line":51,"column":4},"end":{"line":51,"column":5}},"loc":{"start":{"line":52,"column":6},"end":{"line":54,"column":38}}}},"branchMap":{"0":{"loc":{"start":{"line":52,"column":6},"end":{"line":54,"column":38}},"type":"binary-expr","locations":[{"start":{"line":52,"column":6},"end":{"line":52,"column":34}},{"start":{"line":53,"column":6},"end":{"line":53,"column":34}},{"start":{"line":54,"column":6},"end":{"line":54,"column":38}}]}},"s":{"0":1,"1":1,"2":0,"3":0},"f":{"0":0,"1":0},"b":{"0":[0,0,0]}}
,"/Users/mutarushwa/Documents/Projects/Solvit/VillageFund/src/validators/index.ts": {"path":"/Users/mutarushwa/Documents/Projects/Solvit/VillageFund/src/validators/index.ts","statementMap":{"0":{"start":{"line":1,"column":0},"end":{"line":1,"column":33}},"1":{"start":{"line":2,"column":0},"end":{"line":2,"column":33}},"2":{"start":{"line":3,"column":0},"end":{"line":3,"column":33}}},"fnMap":{},"branchMap":{},"s":{"0":1,"1":1,"2":1},"f":{},"b":{}}
,"/Users/mutarushwa/Documents/Projects/Solvit/VillageFund/src/validators/user.validator.ts": {"path":"/Users/mutarushwa/Documents/Projects/Solvit/VillageFund/src/validators/user.validator.ts","statementMap":{"0":{"start":{"line":1,"column":0},"end":{"line":1,"column":24}},"1":{"start":{"line":2,"column":0},"end":{"line":2,"column":45}},"2":{"start":{"line":4,"column":13},"end":{"line":19,"column":3}}},"fnMap":{},"branchMap":{},"s":{"0":1,"1":1,"2":1},"f":{},"b":{}}
}
