TN:
SF:src/database/models/avec.ts
FN:4,(anonymous_0)
FN:33,(anonymous_1)
FN:51,(anonymous_2)
FNF:3
FNH:1
FNDA:1,(anonymous_0)
FNDA:0,(anonymous_1)
FNDA:0,(anonymous_2)
DA:1,1
DA:4,1
DA:5,1
DA:6,1
DA:7,1
DA:21,1
DA:34,0
DA:39,0
DA:44,0
DA:51,1
DA:52,0
DA:87,0
LF:12
LH:7
BRDA:4,0,0,1
BRDA:4,0,1,1
BRF:2
BRH:2
end_of_record
TN:
SF:src/database/models/avecMember.ts
FN:4,(anonymous_0)
FN:36,(anonymous_1)
FN:49,(anonymous_2)
FNF:3
FNH:1
FNDA:1,(anonymous_0)
FNDA:0,(anonymous_1)
FNDA:0,(anonymous_2)
DA:1,1
DA:4,1
DA:5,1
DA:6,1
DA:7,1
DA:24,1
DA:37,0
DA:42,0
DA:49,1
DA:50,0
DA:88,0
LF:11
LH:7
BRDA:4,0,0,1
BRDA:4,0,1,1
BRF:2
BRH:2
end_of_record
TN:
SF:src/database/models/cycle.ts
FN:42,(anonymous_0)
FN:50,(anonymous_1)
FNF:2
FNH:0
FNDA:0,(anonymous_0)
FNDA:0,(anonymous_1)
DA:1,1
DA:24,1
DA:43,0
DA:50,1
DA:51,0
DA:111,0
LF:6
LH:3
BRF:0
BRH:0
end_of_record
TN:
SF:src/database/models/index.ts
FN:21,(anonymous_4)
FN:36,(anonymous_5)
FNF:2
FNH:0
FNDA:0,(anonymous_4)
FNDA:0,(anonymous_5)
DA:2,1
DA:3,1
DA:4,1
DA:5,1
DA:16,1
DA:17,1
DA:18,1
DA:19,1
DA:21,1
DA:23,0
DA:24,0
DA:25,0
DA:26,0
DA:28,0
DA:36,0
DA:37,0
DA:42,0
DA:43,0
DA:47,0
LF:19
LH:9
BRDA:37,0,0,0
BRDA:37,0,1,0
BRDA:38,1,0,0
BRDA:38,1,1,0
BRDA:38,1,2,0
BRF:5
BRH:0
end_of_record
TN:
SF:src/database/models/user.ts
FN:4,(anonymous_0)
FN:39,(anonymous_1)
FN:52,(anonymous_2)
FNF:3
FNH:1
FNDA:1,(anonymous_0)
FNDA:0,(anonymous_1)
FNDA:0,(anonymous_2)
DA:1,1
DA:4,1
DA:5,1
DA:6,1
DA:25,1
DA:40,0
DA:45,0
DA:52,1
DA:53,0
DA:93,0
LF:10
LH:6
BRDA:4,0,0,1
BRDA:4,0,1,1
BRF:2
BRH:2
end_of_record
TN:
SF:src/validators/auth.validator.ts
FNF:0
FNH:0
DA:1,2
DA:3,2
LF:2
LH:2
BRF:0
BRH:0
end_of_record
TN:
SF:src/validators/cycle.validator.ts
FN:44,(anonymous_0)
FN:51,(anonymous_1)
FNF:2
FNH:0
FNDA:0,(anonymous_0)
FNDA:0,(anonymous_1)
DA:1,1
DA:3,1
DA:44,0
DA:52,0
LF:4
LH:2
BRDA:52,0,0,0
BRDA:52,0,1,0
BRDA:52,0,2,0
BRF:3
BRH:0
end_of_record
TN:
SF:src/validators/index.ts
FNF:0
FNH:0
DA:1,1
DA:2,1
DA:3,1
LF:3
LH:3
BRF:0
BRH:0
end_of_record
TN:
SF:src/validators/user.validator.ts
FNF:0
FNH:0
DA:1,1
DA:2,1
DA:4,1
LF:3
LH:3
BRF:0
BRH:0
end_of_record
